<?xml version="1.0" encoding="UTF-8"?>
<!-- Generated by org.testng.reporters.JUnitReportReporter -->
<testsuite hostname="IPMDM20" failures="0" tests="1" name="com.midas.qa.testcases.SearchPageTest" time="28.794" errors="0" timestamp="2025-04-23T10:48:28 IST" skipped="0">
  <testcase classname="com.midas.qa.testcases.SearchPageTest" name="additionalSettingsRequestNumber" time="28.794"/>
  <system-out/>
</testsuite> <!-- com.midas.qa.testcases.SearchPageTest -->
