<?xml version="1.0" encoding="UTF-8"?>
<!-- Generated by org.testng.reporters.JUnitReportReporter -->
<testsuite hostname="IPMDM20" failures="0" tests="2" name="com.midas.technical.testcases.TechnicalLoginPageTest" time="6.281" errors="0" timestamp="2025-04-23T17:11:09 IST" skipped="1">
  <testcase classname="com.midas.technical.testcases.TechnicalLoginPageTest" name="loginFunctionTestWithUserID" time="6.281"/>
  <system-out/>
  <testcase classname="com.midas.technical.testcases.TechnicalLoginPageTest" name="loginPageTitleTest">
    <skipped/>
  </testcase> <!-- loginPageTitleTest -->
  <system-out/>
</testsuite> <!-- com.midas.technical.testcases.TechnicalLoginPageTest -->
