<?xml version="1.0" encoding="UTF-8"?>
<!-- Generated by org.testng.reporters.JUnitReportReporter -->
<testsuite hostname="IPMDM20" failures="0" tests="3" name="com.midas.qa.testcases.HODHomeTest" time="0.000" errors="0" timestamp="2025-02-28T18:23:07 IST" skipped="3">
  <testcase classname="com.midas.qa.testcases.HODHomeTest" name="acceptChangeRequest" time="0.000">
    <skipped/>
  </testcase> <!-- acceptChangeRequest -->
  <system-out/>
  <testcase classname="com.midas.qa.testcases.HODHomeTest" name="acceptNewRequest" time="0.000">
    <skipped/>
  </testcase> <!-- acceptNewRequest -->
  <system-out/>
  <testcase classname="com.midas.qa.testcases.HODHomeTest" name="login" time="0.000">
    <skipped/>
  </testcase> <!-- login -->
  <system-out/>
</testsuite> <!-- com.midas.qa.testcases.HODHomeTest -->
