<?xml version="1.0" encoding="UTF-8"?>
<!-- Generated by org.testng.reporters.JUnitReportReporter -->
<testsuite hostname="IPMDM20" failures="0" tests="1" name="com.midas.api.testcases.VendorServiceAPITest" time="1.984" errors="0" timestamp="2025-04-25T18:19:07 IST" skipped="0">
  <testcase classname="com.midas.api.testcases.VendorServiceAPITest" name="testGETFieldTypes" time="1.984"/>
  <system-out/>
</testsuite> <!-- com.midas.api.testcases.VendorServiceAPITest -->
