<?xml version="1.0" encoding="UTF-8"?>
<!-- Generated by org.testng.reporters.JUnitReportReporter -->
<testsuite hostname="IPMDM20" failures="0" tests="2" name="com.midas.qa.testcases.LoginPageTest" time="5.854" errors="0" timestamp="2025-04-23T14:48:39 IST" skipped="1">
  <testcase classname="com.midas.qa.testcases.LoginPageTest" name="loginFunctionTestWithUserID" time="5.854"/>
  <system-out/>
  <testcase classname="com.midas.qa.testcases.LoginPageTest" name="loginPageTitleTest">
    <skipped/>
  </testcase> <!-- loginPageTitleTest -->
  <system-out/>
</testsuite> <!-- com.midas.qa.testcases.LoginPageTest -->
