<?xml version="1.0" encoding="UTF-8"?>
<!-- Generated by org.testng.reporters.JUnitReportReporter -->
<testsuite hostname="IPMDM20" failures="0" tests="1" name="com.midas.api.testcases.VendorRequestAPITest" time="1.965" errors="0" timestamp="2025-04-28T17:37:30 IST" skipped="0">
  <testcase classname="com.midas.api.testcases.VendorRequestAPITest" name="testGETConpanyList" time="1.965"/>
  <system-out/>
</testsuite> <!-- com.midas.api.testcases.VendorRequestAPITest -->
