<?xml version="1.0" encoding="UTF-8"?>
<!-- Generated by org.testng.reporters.JUnitReportReporter -->
<testsuite hostname="IPMDM20" failures="0" tests="2" name="com.midas.api.testcases.OAuthAPITest" time="4.366" errors="0" timestamp="2025-04-29T16:42:01 IST" skipped="1">
  <testcase classname="com.midas.api.testcases.OAuthAPITest" name="testLogInEndPointSQLInjection" time="4.366"/>
  <system-out/>
  <testcase classname="com.midas.api.testcases.OAuthAPITest" name="testSSOLogInEndPoint">
    <skipped/>
  </testcase> <!-- testSSOLogInEndPoint -->
  <system-out/>
</testsuite> <!-- com.midas.api.testcases.OAuthAPITest -->
