<?xml version="1.0" encoding="UTF-8"?>
<!-- Generated by org.testng.reporters.JUnitReportReporter -->
<testsuite hostname="IPMDM20" failures="0" tests="3" name="com.midas.qa.testcases.LoginPageTest" time="9.006" errors="0" timestamp="2025-04-01T17:54:09 IST" skipped="2">
  <testcase classname="com.midas.qa.testcases.LoginPageTest" name="LogoImageTest" time="9.006"/>
  <testcase classname="com.midas.qa.testcases.LoginPageTest" name="loginTest">
    <skipped/>
  </testcase> <!-- loginTest -->
  <testcase classname="com.midas.qa.testcases.LoginPageTest" name="loginPageTitleTest">
    <skipped/>
  </testcase> <!-- loginPageTitleTest -->
</testsuite> <!-- com.midas.qa.testcases.LoginPageTest -->
